[2019-05-29 00:41:14] ERROR: Error uploading Elmira's OWn.webp: file's extension (webp) is not allowed (png, jpg, jpeg).
[2019-05-29 00:42:12] ERROR: Error uploading Elmira's OWn.webp: file's extension (webp) is not allowed (png, jpg, jpeg).
[2019-06-10 20:56:38] ERROR: Error uploading Rhubarb.JPG.webloc: file's extension (webloc) is not allowed (png, jpg, jpeg).
[2019-06-23 18:25:32] ERROR: Error uploading garlicnutrition.bmp: file's extension (bmp) is not allowed (png, jpg, jpeg).
[2019-06-27 17:36:51] ERROR: Error uploading kitchen kuttings Elmira Ont.bmp: file's extension (bmp) is not allowed (png, jpg, jpeg).
[2019-06-28 18:38:40] ERROR: Error uploading raspberries.gif: file's extension (gif) is not allowed (png, jpg, jpeg).
[2019-07-10 13:18:42] ERROR: Error uploading beef.webp: file's extension (webp) is not allowed (png, jpg, jpeg).
[2019-07-10 13:19:01] ERROR: Error uploading beef.webp: file's extension (webp) is not allowed (png, jpg, jpeg).
[2019-07-10 20:07:18] ERROR: Error uploading beef.webp: file's extension (webp) is not allowed (png, jpg, jpeg).
[2019-07-19 18:33:58] ERROR: Error uploading Mountainoak Logo.bmp: file's extension (bmp) is not allowed (png, jpg, jpeg).
[2019-07-19 18:34:12] ERROR: Error uploading Mountainoak Logo.bmp: file's extension (bmp) is not allowed (png, jpg, jpeg).
[2019-10-02 15:19:18] ERROR: Error uploading imgres[1]: file's extension (imgres[1]) is not allowed (png, jpg, jpeg).
[2019-11-13 16:56:30] ERROR: Error uploading file: post_max_size of your server (8M) exceeded.
[2019-12-10 02:15:45] ERROR: Unable to calculate seller's and store's commissions. Order info: Array
(
)

[2019-12-12 13:27:15] ERROR: Error uploading file: post_max_size of your server (8M) exceeded.
[2019-12-13 20:36:09] ERROR: Error uploading JAZZSANTA.bmp: file's extension (bmp) is not allowed (png, jpg, jpeg).
[2019-12-17 20:27:27] ERROR: Error uploading sushi salmon.pdf: file's extension (pdf) is not allowed (png, jpg, jpeg).
[2020-02-13 15:20:36] ERROR: Error uploading 15816065435768943795952819182713.jpg: UPLOAD_ERR #3.
[2020-02-15 17:07:12] ERROR: Error uploading A680DF0D-2F85-41AF-A8E2-0E9AB599D2A9.jpeg: UPLOAD_ERR #3.
[2020-02-15 17:19:28] ERROR: Error uploading CB1D5A91-7C4B-4362-814A-C0EFD7B7D8A3.jpeg: UPLOAD_ERR #3.
[2020-02-15 18:47:54] ERROR: Error uploading D634C94B-20FE-458E-88ED-C37F8EF4CF9D.jpeg: UPLOAD_ERR #3.
[2020-02-15 19:50:53] ERROR: Error uploading E8CEEE2D-9125-42F6-B349-F8BE040C98A4.jpeg: UPLOAD_ERR #3.
[2020-02-17 22:48:33] ERROR: Error uploading A08BB7EE-42FC-4902-805C-ADE3861BD1A8.jpeg: UPLOAD_ERR #3.
[2020-02-25 19:37:46] ERROR: Error uploading C78CEF3E-4463-4C87-A66F-7EE28ABB34CC.jpeg: UPLOAD_ERR #3.
[2020-02-25 20:38:11] ERROR: Error uploading 66BBE75A-121A-4339-87D5-D5D7B2C259DC.jpeg: UPLOAD_ERR #3.
[2020-03-24 15:05:36] ERROR: Error uploading photo (1).html: file's extension (html) is not allowed (png, jpg, jpeg).
